{"numFailedTestSuites":1,"numFailedTests":7,"numPassedTestSuites":0,"numPassedTests":0,"numPendingTestSuites":0,"numPendingTests":0,"numRuntimeErrorTestSuites":1,"numTodoTests":0,"numTotalTestSuites":1,"numTotalTests":7,"openHandles":[],"snapshot":{"added":0,"didUpdate":false,"failure":false,"filesAdded":0,"filesRemoved":0,"filesRemovedList":[],"filesUnmatched":0,"filesUpdated":0,"matched":0,"total":0,"unchecked":0,"uncheckedKeysByFile":[],"unmatched":0,"updated":0},"startTime":1774687133192,"success":false,"testResults":[{"assertionResults":[{"ancestorTitles":["Auth Service - Register and Login APIs","POST /api/auth/register"],"duration":5004,"failing":false,"failureDetails":[{},{"message":"thrown: \"Exceeded timeout of 5000 ms for a hook.\nAdd a timeout value to this test to increase the timeout, if this is a long-running test. See https://jestjs.io/docs/api#testname-fn-timeout.\""}],"failureMessages":["ReferenceError: uri is not defined\n    at Object.uri (D:\\Shopee-Microservices\\services\\auth-service\\src\\__tests__\\auth.test.js:11:28)\n    at processTicksAndRejections (node:internal/process/task_queues:105:5)","Error: thrown: \"Exceeded timeout of 5000 ms for a hook.\nAdd a timeout value to this test to increase the timeout, if this is a long-running test. See https://jestjs.io/docs/api#testname-fn-timeout.\"\n    at Object.afterEach (D:\\Shopee-Microservices\\services\\auth-service\\src\\__tests__\\auth.test.js:20:1)\n    at Runtime._execModule (D:\\Shopee-Microservices\\services\\auth-service\\node_modules\\jest-runtime\\build\\index.js:1264:24)\n    at Runtime._loadModule (D:\\Shopee-Microservices\\services\\auth-service\\node_modules\\jest-runtime\\build\\index.js:940:12)\n    at Runtime.requireModule (D:\\Shopee-Microservices\\services\\auth-service\\node_modules\\jest-runtime\\build\\index.js:828:12)\n    at jestAdapter (D:\\Shopee-Microservices\\services\\auth-service\\node_modules\\jest-circus\\build\\runner.js:95:13)\n    at processTicksAndRejections (node:internal/process/task_queues:105:5)\n    at runTestInternal (D:\\Shopee-Microservices\\services\\auth-service\\node_modules\\jest-runner\\build\\index.js:275:16)\n    at runTest (D:\\Shopee-Microservices\\services\\auth-service\\node_modules\\jest-runner\\build\\index.js:343:7)"],"fullName":"Auth Service - Register and Login APIs POST /api/auth/register should register a new user successfully","invocations":1,"location":null,"numPassingAsserts":0,"retryReasons":[],"startAt":1774687134936,"status":"failed","title":"should register a new user successfully"},{"ancestorTitles":["Auth Service - Register and Login APIs","POST /api/auth/register"],"duration":5007,"failing":false,"failureDetails":[{},{"message":"thrown: \"Exceeded timeout of 5000 ms for a hook.\nAdd a timeout value to this test to increase the timeout, if this is a long-running test. See https://jestjs.io/docs/api#testname-fn-timeout.\""}],"failureMessages":["ReferenceError: uri is not defined\n    at Object.uri (D:\\Shopee-Microservices\\services\\auth-service\\src\\__tests__\\auth.test.js:11:28)\n    at processTicksAndRejections (node:internal/process/task_queues:105:5)","Error: thrown: \"Exceeded timeout of 5000 ms for a hook.\nAdd a timeout value to this test to increase the timeout, if this is a long-running test. See https://jestjs.io/docs/api#testname-fn-timeout.\"\n    at Object.afterEach (D:\\Shopee-Microservices\\services\\auth-service\\src\\__tests__\\auth.test.js:20:1)\n    at Runtime._execModule (D:\\Shopee-Microservices\\services\\auth-service\\node_modules\\jest-runtime\\build\\index.js:1264:24)\n    at Runtime._loadModule (D:\\Shopee-Microservices\\services\\auth-service\\node_modules\\jest-runtime\\build\\index.js:940:12)\n    at Runtime.requireModule (D:\\Shopee-Microservices\\services\\auth-service\\node_modules\\jest-runtime\\build\\index.js:828:12)\n    at jestAdapter (D:\\Shopee-Microservices\\services\\auth-service\\node_modules\\jest-circus\\build\\runner.js:95:13)\n    at processTicksAndRejections (node:internal/process/task_queues:105:5)\n    at runTestInternal (D:\\Shopee-Microservices\\services\\auth-service\\node_modules\\jest-runner\\build\\index.js:275:16)\n    at runTest (D:\\Shopee-Microservices\\services\\auth-service\\node_modules\\jest-runner\\build\\index.js:343:7)"],"fullName":"Auth Service - Register and Login APIs POST /api/auth/register should fail if email is already in use","invocations":1,"location":null,"numPassingAsserts":0,"retryReasons":[],"startAt":1774687139950,"status":"failed","title":"should fail if email is already in use"},{"ancestorTitles":["Auth Service - Register and Login APIs","POST /api/auth/register"],"duration":5011,"failing":false,"failureDetails":[{},{"message":"thrown: \"Exceeded timeout of 5000 ms for a hook.\nAdd a timeout value to this test to increase the timeout, if this is a long-running test. See https://jestjs.io/docs/api#testname-fn-timeout.\""}],"failureMessages":["ReferenceError: uri is not defined\n    at Object.uri (D:\\Shopee-Microservices\\services\\auth-service\\src\\__tests__\\auth.test.js:11:28)\n    at processTicksAndRejections (node:internal/process/task_queues:105:5)","Error: thrown: \"Exceeded timeout of 5000 ms for a hook.\nAdd a timeout value to this test to increase the timeout, if this is a long-running test. See https://jestjs.io/docs/api#testname-fn-timeout.\"\n    at Object.afterEach (D:\\Shopee-Microservices\\services\\auth-service\\src\\__tests__\\auth.test.js:20:1)\n    at Runtime._execModule (D:\\Shopee-Microservices\\services\\auth-service\\node_modules\\jest-runtime\\build\\index.js:1264:24)\n    at Runtime._loadModule (D:\\Shopee-Microservices\\services\\auth-service\\node_modules\\jest-runtime\\build\\index.js:940:12)\n    at Runtime.requireModule (D:\\Shopee-Microservices\\services\\auth-service\\node_modules\\jest-runtime\\build\\index.js:828:12)\n    at jestAdapter (D:\\Shopee-Microservices\\services\\auth-service\\node_modules\\jest-circus\\build\\runner.js:95:13)\n    at processTicksAndRejections (node:internal/process/task_queues:105:5)\n    at runTestInternal (D:\\Shopee-Microservices\\services\\auth-service\\node_modules\\jest-runner\\build\\index.js:275:16)\n    at runTest (D:\\Shopee-Microservices\\services\\auth-service\\node_modules\\jest-runner\\build\\index.js:343:7)"],"fullName":"Auth Service - Register and Login APIs POST /api/auth/register should fail if required fields are missing","invocations":1,"location":null,"numPassingAsserts":0,"retryReasons":[],"startAt":1774687144959,"status":"failed","title":"should fail if required fields are missing"},{"ancestorTitles":["Auth Service - Register and Login APIs","POST /api/auth/login"],"duration":5003,"failing":false,"failureDetails":[{},{"message":"thrown: \"Exceeded timeout of 5000 ms for a hook.\nAdd a timeout value to this test to increase the timeout, if this is a long-running test. See https://jestjs.io/docs/api#testname-fn-timeout.\""}],"failureMessages":["ReferenceError: uri is not defined\n    at Object.uri (D:\\Shopee-Microservices\\services\\auth-service\\src\\__tests__\\auth.test.js:11:28)\n    at processTicksAndRejections (node:internal/process/task_queues:105:5)","Error: thrown: \"Exceeded timeout of 5000 ms for a hook.\nAdd a timeout value to this test to increase the timeout, if this is a long-running test. See https://jestjs.io/docs/api#testname-fn-timeout.\"\n    at Object.afterEach (D:\\Shopee-Microservices\\services\\auth-service\\src\\__tests__\\auth.test.js:20:1)\n    at Runtime._execModule (D:\\Shopee-Microservices\\services\\auth-service\\node_modules\\jest-runtime\\build\\index.js:1264:24)\n    at Runtime._loadModule (D:\\Shopee-Microservices\\services\\auth-service\\node_modules\\jest-runtime\\build\\index.js:940:12)\n    at Runtime.requireModule (D:\\Shopee-Microservices\\services\\auth-service\\node_modules\\jest-runtime\\build\\index.js:828:12)\n    at jestAdapter (D:\\Shopee-Microservices\\services\\auth-service\\node_modules\\jest-circus\\build\\runner.js:95:13)\n    at processTicksAndRejections (node:internal/process/task_queues:105:5)\n    at runTestInternal (D:\\Shopee-Microservices\\services\\auth-service\\node_modules\\jest-runner\\build\\index.js:275:16)\n    at runTest (D:\\Shopee-Microservices\\services\\auth-service\\node_modules\\jest-runner\\build\\index.js:343:7)"],"fullName":"Auth Service - Register and Login APIs POST /api/auth/login should login an existing user successfully","invocations":1,"location":null,"numPassingAsserts":0,"retryReasons":[],"startAt":1774687149972,"status":"failed","title":"should login an existing user successfully"},{"ancestorTitles":["Auth Service - Register and Login APIs","POST /api/auth/login"],"duration":5006,"failing":false,"failureDetails":[{},{"message":"thrown: \"Exceeded timeout of 5000 ms for a hook.\nAdd a timeout value to this test to increase the timeout, if this is a long-running test. See https://jestjs.io/docs/api#testname-fn-timeout.\""}],"failureMessages":["ReferenceError: uri is not defined\n    at Object.uri (D:\\Shopee-Microservices\\services\\auth-service\\src\\__tests__\\auth.test.js:11:28)\n    at processTicksAndRejections (node:internal/process/task_queues:105:5)","Error: thrown: \"Exceeded timeout of 5000 ms for a hook.\nAdd a timeout value to this test to increase the timeout, if this is a long-running test. See https://jestjs.io/docs/api#testname-fn-timeout.\"\n    at Object.afterEach (D:\\Shopee-Microservices\\services\\auth-service\\src\\__tests__\\auth.test.js:20:1)\n    at Runtime._execModule (D:\\Shopee-Microservices\\services\\auth-service\\node_modules\\jest-runtime\\build\\index.js:1264:24)\n    at Runtime._loadModule (D:\\Shopee-Microservices\\services\\auth-service\\node_modules\\jest-runtime\\build\\index.js:940:12)\n    at Runtime.requireModule (D:\\Shopee-Microservices\\services\\auth-service\\node_modules\\jest-runtime\\build\\index.js:828:12)\n    at jestAdapter (D:\\Shopee-Microservices\\services\\auth-service\\node_modules\\jest-circus\\build\\runner.js:95:13)\n    at processTicksAndRejections (node:internal/process/task_queues:105:5)\n    at runTestInternal (D:\\Shopee-Microservices\\services\\auth-service\\node_modules\\jest-runner\\build\\index.js:275:16)\n    at runTest (D:\\Shopee-Microservices\\services\\auth-service\\node_modules\\jest-runner\\build\\index.js:343:7)"],"fullName":"Auth Service - Register and Login APIs POST /api/auth/login should fail with invalid password","invocations":1,"location":null,"numPassingAsserts":0,"retryReasons":[],"startAt":1774687154975,"status":"failed","title":"should fail with invalid password"},{"ancestorTitles":["Auth Service - Register and Login APIs","POST /api/auth/login"],"duration":5014,"failing":false,"failureDetails":[{},{"message":"thrown: \"Exceeded timeout of 5000 ms for a hook.\nAdd a timeout value to this test to increase the timeout, if this is a long-running test. See https://jestjs.io/docs/api#testname-fn-timeout.\""}],"failureMessages":["ReferenceError: uri is not defined\n    at Object.uri (D:\\Shopee-Microservices\\services\\auth-service\\src\\__tests__\\auth.test.js:11:28)\n    at processTicksAndRejections (node:internal/process/task_queues:105:5)","Error: thrown: \"Exceeded timeout of 5000 ms for a hook.\nAdd a timeout value to this test to increase the timeout, if this is a long-running test. See https://jestjs.io/docs/api#testname-fn-timeout.\"\n    at Object.afterEach (D:\\Shopee-Microservices\\services\\auth-service\\src\\__tests__\\auth.test.js:20:1)\n    at Runtime._execModule (D:\\Shopee-Microservices\\services\\auth-service\\node_modules\\jest-runtime\\build\\index.js:1264:24)\n    at Runtime._loadModule (D:\\Shopee-Microservices\\services\\auth-service\\node_modules\\jest-runtime\\build\\index.js:940:12)\n    at Runtime.requireModule (D:\\Shopee-Microservices\\services\\auth-service\\node_modules\\jest-runtime\\build\\index.js:828:12)\n    at jestAdapter (D:\\Shopee-Microservices\\services\\auth-service\\node_modules\\jest-circus\\build\\runner.js:95:13)\n    at processTicksAndRejections (node:internal/process/task_queues:105:5)\n    at runTestInternal (D:\\Shopee-Microservices\\services\\auth-service\\node_modules\\jest-runner\\build\\index.js:275:16)\n    at runTest (D:\\Shopee-Microservices\\services\\auth-service\\node_modules\\jest-runner\\build\\index.js:343:7)"],"fullName":"Auth Service - Register and Login APIs POST /api/auth/login should fail if user does not exist","invocations":1,"location":null,"numPassingAsserts":0,"retryReasons":[],"startAt":1774687159981,"status":"failed","title":"should fail if user does not exist"},{"ancestorTitles":["Auth Service - Register and Login APIs","POST /api/auth/login"],"duration":5008,"failing":false,"failureDetails":[{},{"message":"thrown: \"Exceeded timeout of 5000 ms for a hook.\nAdd a timeout value to this test to increase the timeout, if this is a long-running test. See https://jestjs.io/docs/api#testname-fn-timeout.\""}],"failureMessages":["ReferenceError: uri is not defined\n    at Object.uri (D:\\Shopee-Microservices\\services\\auth-service\\src\\__tests__\\auth.test.js:11:28)\n    at processTicksAndRejections (node:internal/process/task_queues:105:5)","Error: thrown: \"Exceeded timeout of 5000 ms for a hook.\nAdd a timeout value to this test to increase the timeout, if this is a long-running test. See https://jestjs.io/docs/api#testname-fn-timeout.\"\n    at Object.afterEach (D:\\Shopee-Microservices\\services\\auth-service\\src\\__tests__\\auth.test.js:20:1)\n    at Runtime._execModule (D:\\Shopee-Microservices\\services\\auth-service\\node_modules\\jest-runtime\\build\\index.js:1264:24)\n    at Runtime._loadModule (D:\\Shopee-Microservices\\services\\auth-service\\node_modules\\jest-runtime\\build\\index.js:940:12)\n    at Runtime.requireModule (D:\\Shopee-Microservices\\services\\auth-service\\node_modules\\jest-runtime\\build\\index.js:828:12)\n    at jestAdapter (D:\\Shopee-Microservices\\services\\auth-service\\node_modules\\jest-circus\\build\\runner.js:95:13)\n    at processTicksAndRejections (node:internal/process/task_queues:105:5)\n    at runTestInternal (D:\\Shopee-Microservices\\services\\auth-service\\node_modules\\jest-runner\\build\\index.js:275:16)\n    at runTest (D:\\Shopee-Microservices\\services\\auth-service\\node_modules\\jest-runner\\build\\index.js:343:7)"],"fullName":"Auth Service - Register and Login APIs POST /api/auth/login should fail if required fields are missing","invocations":1,"location":null,"numPassingAsserts":0,"retryReasons":[],"startAt":1774687164996,"status":"failed","title":"should fail if required fields are missing"}],"coverage":{},"endTime":1774687175081,"message":"  ● Auth Service - Register and Login APIs › POST /api/auth/register › should register a new user successfully\n\n    ReferenceError: uri is not defined\n\n    \u001b[0m \u001b[90m  9 |\u001b[39m beforeAll(\u001b[36masync\u001b[39m () \u001b[33m=>\u001b[39m {\n     \u001b[90m 10 |\u001b[39m     mongoServer \u001b[33m=\u001b[39m \u001b[36mawait\u001b[39m \u001b[33mMongoMemoryServer\u001b[39m\u001b[33m.\u001b[39mcreate()\u001b[33m;\u001b[39m\n    \u001b[31m\u001b[1m>\u001b[22m\u001b[39m\u001b[90m 11 |\u001b[39m     \u001b[36mawait\u001b[39m mongoose\u001b[33m.\u001b[39mconnect(uri)\u001b[33m;\u001b[39m\n     \u001b[90m    |\u001b[39m                            \u001b[31m\u001b[1m^\u001b[22m\u001b[39m\n     \u001b[90m 12 |\u001b[39m })\u001b[33m;\u001b[39m\n     \u001b[90m 13 |\u001b[39m\n     \u001b[90m 14 |\u001b[39m afterAll(\u001b[36masync\u001b[39m () \u001b[33m=>\u001b[39m {\u001b[0m\n\n      at Object.uri (src/__tests__/auth.test.js:11:28)\n\n  ● Auth Service - Register and Login APIs › POST /api/auth/register › should register a new user successfully\n\n    thrown: \"Exceeded timeout of 5000 ms for a hook.\n    Add a timeout value to this test to increase the timeout, if this is a long-running test. See https://jestjs.io/docs/api#testname-fn-timeout.\"\n\n    \u001b[0m \u001b[90m 18 |\u001b[39m })\u001b[33m;\u001b[39m\n     \u001b[90m 19 |\u001b[39m\n    \u001b[31m\u001b[1m>\u001b[22m\u001b[39m\u001b[90m 20 |\u001b[39m afterEach(\u001b[36masync\u001b[39m () \u001b[33m=>\u001b[39m {\n     \u001b[90m    |\u001b[39m \u001b[31m\u001b[1m^\u001b[22m\u001b[39m\n     \u001b[90m 21 |\u001b[39m     \u001b[36mconst\u001b[39m collections \u001b[33m=\u001b[39m mongoose\u001b[33m.\u001b[39mconnection\u001b[33m.\u001b[39mcollections\u001b[33m;\u001b[39m\n     \u001b[90m 22 |\u001b[39m     \u001b[36mfor\u001b[39m (\u001b[36mconst\u001b[39m key \u001b[36min\u001b[39m collections) {\n     \u001b[90m 23 |\u001b[39m         \u001b[36mconst\u001b[39m collection \u001b[33m=\u001b[39m collections[key]\u001b[33m;\u001b[39m\u001b[0m\n\n      at Object.afterEach (src/__tests__/auth.test.js:20:1)\n\n  ● Auth Service - Register and Login APIs › POST /api/auth/register › should fail if email is already in use\n\n    ReferenceError: uri is not defined\n\n    \u001b[0m \u001b[90m  9 |\u001b[39m beforeAll(\u001b[36masync\u001b[39m () \u001b[33m=>\u001b[39m {\n     \u001b[90m 10 |\u001b[39m     mongoServer \u001b[33m=\u001b[39m \u001b[36mawait\u001b[39m \u001b[33mMongoMemoryServer\u001b[39m\u001b[33m.\u001b[39mcreate()\u001b[33m;\u001b[39m\n    \u001b[31m\u001b[1m>\u001b[22m\u001b[39m\u001b[90m 11 |\u001b[39m     \u001b[36mawait\u001b[39m mongoose\u001b[33m.\u001b[39mconnect(uri)\u001b[33m;\u001b[39m\n     \u001b[90m    |\u001b[39m                            \u001b[31m\u001b[1m^\u001b[22m\u001b[39m\n     \u001b[90m 12 |\u001b[39m })\u001b[33m;\u001b[39m\n     \u001b[90m 13 |\u001b[39m\n     \u001b[90m 14 |\u001b[39m afterAll(\u001b[36masync\u001b[39m () \u001b[33m=>\u001b[39m {\u001b[0m\n\n      at Object.uri (src/__tests__/auth.test.js:11:28)\n\n  ● Auth Service - Register and Login APIs › POST /api/auth/register › should fail if email is already in use\n\n    thrown: \"Exceeded timeout of 5000 ms for a hook.\n    Add a timeout value to this test to increase the timeout, if this is a long-running test. See https://jestjs.io/docs/api#testname-fn-timeout.\"\n\n    \u001b[0m \u001b[90m 18 |\u001b[39m })\u001b[33m;\u001b[39m\n     \u001b[90m 19 |\u001b[39m\n    \u001b[31m\u001b[1m>\u001b[22m\u001b[39m\u001b[90m 20 |\u001b[39m afterEach(\u001b[36masync\u001b[39m () \u001b[33m=>\u001b[39m {\n     \u001b[90m    |\u001b[39m \u001b[31m\u001b[1m^\u001b[22m\u001b[39m\n     \u001b[90m 21 |\u001b[39m     \u001b[36mconst\u001b[39m collections \u001b[33m=\u001b[39m mongoose\u001b[33m.\u001b[39mconnection\u001b[33m.\u001b[39mcollections\u001b[33m;\u001b[39m\n     \u001b[90m 22 |\u001b[39m     \u001b[36mfor\u001b[39m (\u001b[36mconst\u001b[39m key \u001b[36min\u001b[39m collections) {\n     \u001b[90m 23 |\u001b[39m         \u001b[36mconst\u001b[39m collection \u001b[33m=\u001b[39m collections[key]\u001b[33m;\u001b[39m\u001b[0m\n\n      at Object.afterEach (src/__tests__/auth.test.js:20:1)\n\n  ● Auth Service - Register and Login APIs › POST /api/auth/register › should fail if required fields are missing\n\n    ReferenceError: uri is not defined\n\n    \u001b[0m \u001b[90m  9 |\u001b[39m beforeAll(\u001b[36masync\u001b[39m () \u001b[33m=>\u001b[39m {\n     \u001b[90m 10 |\u001b[39m     mongoServer \u001b[33m=\u001b[39m \u001b[36mawait\u001b[39m \u001b[33mMongoMemoryServer\u001b[39m\u001b[33m.\u001b[39mcreate()\u001b[33m;\u001b[39m\n    \u001b[31m\u001b[1m>\u001b[22m\u001b[39m\u001b[90m 11 |\u001b[39m     \u001b[36mawait\u001b[39m mongoose\u001b[33m.\u001b[39mconnect(uri)\u001b[33m;\u001b[39m\n     \u001b[90m    |\u001b[39m                            \u001b[31m\u001b[1m^\u001b[22m\u001b[39m\n     \u001b[90m 12 |\u001b[39m })\u001b[33m;\u001b[39m\n     \u001b[90m 13 |\u001b[39m\n     \u001b[90m 14 |\u001b[39m afterAll(\u001b[36masync\u001b[39m () \u001b[33m=>\u001b[39m {\u001b[0m\n\n      at Object.uri (src/__tests__/auth.test.js:11:28)\n\n  ● Auth Service - Register and Login APIs › POST /api/auth/register › should fail if required fields are missing\n\n    thrown: \"Exceeded timeout of 5000 ms for a hook.\n    Add a timeout value to this test to increase the timeout, if this is a long-running test. See https://jestjs.io/docs/api#testname-fn-timeout.\"\n\n    \u001b[0m \u001b[90m 18 |\u001b[39m })\u001b[33m;\u001b[39m\n     \u001b[90m 19 |\u001b[39m\n    \u001b[31m\u001b[1m>\u001b[22m\u001b[39m\u001b[90m 20 |\u001b[39m afterEach(\u001b[36masync\u001b[39m () \u001b[33m=>\u001b[39m {\n     \u001b[90m    |\u001b[39m \u001b[31m\u001b[1m^\u001b[22m\u001b[39m\n     \u001b[90m 21 |\u001b[39m     \u001b[36mconst\u001b[39m collections \u001b[33m=\u001b[39m mongoose\u001b[33m.\u001b[39mconnection\u001b[33m.\u001b[39mcollections\u001b[33m;\u001b[39m\n     \u001b[90m 22 |\u001b[39m     \u001b[36mfor\u001b[39m (\u001b[36mconst\u001b[39m key \u001b[36min\u001b[39m collections) {\n     \u001b[90m 23 |\u001b[39m         \u001b[36mconst\u001b[39m collection \u001b[33m=\u001b[39m collections[key]\u001b[33m;\u001b[39m\u001b[0m\n\n      at Object.afterEach (src/__tests__/auth.test.js:20:1)\n\n  ● Auth Service - Register and Login APIs › POST /api/auth/login › should login an existing user successfully\n\n    ReferenceError: uri is not defined\n\n    \u001b[0m \u001b[90m  9 |\u001b[39m beforeAll(\u001b[36masync\u001b[39m () \u001b[33m=>\u001b[39m {\n     \u001b[90m 10 |\u001b[39m     mongoServer \u001b[33m=\u001b[39m \u001b[36mawait\u001b[39m \u001b[33mMongoMemoryServer\u001b[39m\u001b[33m.\u001b[39mcreate()\u001b[33m;\u001b[39m\n    \u001b[31m\u001b[1m>\u001b[22m\u001b[39m\u001b[90m 11 |\u001b[39m     \u001b[36mawait\u001b[39m mongoose\u001b[33m.\u001b[39mconnect(uri)\u001b[33m;\u001b[39m\n     \u001b[90m    |\u001b[39m                            \u001b[31m\u001b[1m^\u001b[22m\u001b[39m\n     \u001b[90m 12 |\u001b[39m })\u001b[33m;\u001b[39m\n     \u001b[90m 13 |\u001b[39m\n     \u001b[90m 14 |\u001b[39m afterAll(\u001b[36masync\u001b[39m () \u001b[33m=>\u001b[39m {\u001b[0m\n\n      at Object.uri (src/__tests__/auth.test.js:11:28)\n\n  ● Auth Service - Register and Login APIs › POST /api/auth/login › should login an existing user successfully\n\n    thrown: \"Exceeded timeout of 5000 ms for a hook.\n    Add a timeout value to this test to increase the timeout, if this is a long-running test. See https://jestjs.io/docs/api#testname-fn-timeout.\"\n\n    \u001b[0m \u001b[90m 18 |\u001b[39m })\u001b[33m;\u001b[39m\n     \u001b[90m 19 |\u001b[39m\n    \u001b[31m\u001b[1m>\u001b[22m\u001b[39m\u001b[90m 20 |\u001b[39m afterEach(\u001b[36masync\u001b[39m () \u001b[33m=>\u001b[39m {\n     \u001b[90m    |\u001b[39m \u001b[31m\u001b[1m^\u001b[22m\u001b[39m\n     \u001b[90m 21 |\u001b[39m     \u001b[36mconst\u001b[39m collections \u001b[33m=\u001b[39m mongoose\u001b[33m.\u001b[39mconnection\u001b[33m.\u001b[39mcollections\u001b[33m;\u001b[39m\n     \u001b[90m 22 |\u001b[39m     \u001b[36mfor\u001b[39m (\u001b[36mconst\u001b[39m key \u001b[36min\u001b[39m collections) {\n     \u001b[90m 23 |\u001b[39m         \u001b[36mconst\u001b[39m collection \u001b[33m=\u001b[39m collections[key]\u001b[33m;\u001b[39m\u001b[0m\n\n      at Object.afterEach (src/__tests__/auth.test.js:20:1)\n\n  ● Auth Service - Register and Login APIs › POST /api/auth/login › should fail with invalid password\n\n    ReferenceError: uri is not defined\n\n    \u001b[0m \u001b[90m  9 |\u001b[39m beforeAll(\u001b[36masync\u001b[39m () \u001b[33m=>\u001b[39m {\n     \u001b[90m 10 |\u001b[39m     mongoServer \u001b[33m=\u001b[39m \u001b[36mawait\u001b[39m \u001b[33mMongoMemoryServer\u001b[39m\u001b[33m.\u001b[39mcreate()\u001b[33m;\u001b[39m\n    \u001b[31m\u001b[1m>\u001b[22m\u001b[39m\u001b[90m 11 |\u001b[39m     \u001b[36mawait\u001b[39m mongoose\u001b[33m.\u001b[39mconnect(uri)\u001b[33m;\u001b[39m\n     \u001b[90m    |\u001b[39m                            \u001b[31m\u001b[1m^\u001b[22m\u001b[39m\n     \u001b[90m 12 |\u001b[39m })\u001b[33m;\u001b[39m\n     \u001b[90m 13 |\u001b[39m\n     \u001b[90m 14 |\u001b[39m afterAll(\u001b[36masync\u001b[39m () \u001b[33m=>\u001b[39m {\u001b[0m\n\n      at Object.uri (src/__tests__/auth.test.js:11:28)\n\n  ● Auth Service - Register and Login APIs › POST /api/auth/login › should fail with invalid password\n\n    thrown: \"Exceeded timeout of 5000 ms for a hook.\n    Add a timeout value to this test to increase the timeout, if this is a long-running test. See https://jestjs.io/docs/api#testname-fn-timeout.\"\n\n    \u001b[0m \u001b[90m 18 |\u001b[39m })\u001b[33m;\u001b[39m\n     \u001b[90m 19 |\u001b[39m\n    \u001b[31m\u001b[1m>\u001b[22m\u001b[39m\u001b[90m 20 |\u001b[39m afterEach(\u001b[36masync\u001b[39m () \u001b[33m=>\u001b[39m {\n     \u001b[90m    |\u001b[39m \u001b[31m\u001b[1m^\u001b[22m\u001b[39m\n     \u001b[90m 21 |\u001b[39m     \u001b[36mconst\u001b[39m collections \u001b[33m=\u001b[39m mongoose\u001b[33m.\u001b[39mconnection\u001b[33m.\u001b[39mcollections\u001b[33m;\u001b[39m\n     \u001b[90m 22 |\u001b[39m     \u001b[36mfor\u001b[39m (\u001b[36mconst\u001b[39m key \u001b[36min\u001b[39m collections) {\n     \u001b[90m 23 |\u001b[39m         \u001b[36mconst\u001b[39m collection \u001b[33m=\u001b[39m collections[key]\u001b[33m;\u001b[39m\u001b[0m\n\n      at Object.afterEach (src/__tests__/auth.test.js:20:1)\n\n  ● Auth Service - Register and Login APIs › POST /api/auth/login › should fail if user does not exist\n\n    ReferenceError: uri is not defined\n\n    \u001b[0m \u001b[90m  9 |\u001b[39m beforeAll(\u001b[36masync\u001b[39m () \u001b[33m=>\u001b[39m {\n     \u001b[90m 10 |\u001b[39m     mongoServer \u001b[33m=\u001b[39m \u001b[36mawait\u001b[39m \u001b[33mMongoMemoryServer\u001b[39m\u001b[33m.\u001b[39mcreate()\u001b[33m;\u001b[39m\n    \u001b[31m\u001b[1m>\u001b[22m\u001b[39m\u001b[90m 11 |\u001b[39m     \u001b[36mawait\u001b[39m mongoose\u001b[33m.\u001b[39mconnect(uri)\u001b[33m;\u001b[39m\n     \u001b[90m    |\u001b[39m                            \u001b[31m\u001b[1m^\u001b[22m\u001b[39m\n     \u001b[90m 12 |\u001b[39m })\u001b[33m;\u001b[39m\n     \u001b[90m 13 |\u001b[39m\n     \u001b[90m 14 |\u001b[39m afterAll(\u001b[36masync\u001b[39m () \u001b[33m=>\u001b[39m {\u001b[0m\n\n      at Object.uri (src/__tests__/auth.test.js:11:28)\n\n  ● Auth Service - Register and Login APIs › POST /api/auth/login › should fail if user does not exist\n\n    thrown: \"Exceeded timeout of 5000 ms for a hook.\n    Add a timeout value to this test to increase the timeout, if this is a long-running test. See https://jestjs.io/docs/api#testname-fn-timeout.\"\n\n    \u001b[0m \u001b[90m 18 |\u001b[39m })\u001b[33m;\u001b[39m\n     \u001b[90m 19 |\u001b[39m\n    \u001b[31m\u001b[1m>\u001b[22m\u001b[39m\u001b[90m 20 |\u001b[39m afterEach(\u001b[36masync\u001b[39m () \u001b[33m=>\u001b[39m {\n     \u001b[90m    |\u001b[39m \u001b[31m\u001b[1m^\u001b[22m\u001b[39m\n     \u001b[90m 21 |\u001b[39m     \u001b[36mconst\u001b[39m collections \u001b[33m=\u001b[39m mongoose\u001b[33m.\u001b[39mconnection\u001b[33m.\u001b[39mcollections\u001b[33m;\u001b[39m\n     \u001b[90m 22 |\u001b[39m     \u001b[36mfor\u001b[39m (\u001b[36mconst\u001b[39m key \u001b[36min\u001b[39m collections) {\n     \u001b[90m 23 |\u001b[39m         \u001b[36mconst\u001b[39m collection \u001b[33m=\u001b[39m collections[key]\u001b[33m;\u001b[39m\u001b[0m\n\n      at Object.afterEach (src/__tests__/auth.test.js:20:1)\n\n  ● Auth Service - Register and Login APIs › POST /api/auth/login › should fail if required fields are missing\n\n    ReferenceError: uri is not defined\n\n    \u001b[0m \u001b[90m  9 |\u001b[39m beforeAll(\u001b[36masync\u001b[39m () \u001b[33m=>\u001b[39m {\n     \u001b[90m 10 |\u001b[39m     mongoServer \u001b[33m=\u001b[39m \u001b[36mawait\u001b[39m \u001b[33mMongoMemoryServer\u001b[39m\u001b[33m.\u001b[39mcreate()\u001b[33m;\u001b[39m\n    \u001b[31m\u001b[1m>\u001b[22m\u001b[39m\u001b[90m 11 |\u001b[39m     \u001b[36mawait\u001b[39m mongoose\u001b[33m.\u001b[39mconnect(uri)\u001b[33m;\u001b[39m\n     \u001b[90m    |\u001b[39m                            \u001b[31m\u001b[1m^\u001b[22m\u001b[39m\n     \u001b[90m 12 |\u001b[39m })\u001b[33m;\u001b[39m\n     \u001b[90m 13 |\u001b[39m\n     \u001b[90m 14 |\u001b[39m afterAll(\u001b[36masync\u001b[39m () \u001b[33m=>\u001b[39m {\u001b[0m\n\n      at Object.uri (src/__tests__/auth.test.js:11:28)\n\n  ● Auth Service - Register and Login APIs › POST /api/auth/login › should fail if required fields are missing\n\n    thrown: \"Exceeded timeout of 5000 ms for a hook.\n    Add a timeout value to this test to increase the timeout, if this is a long-running test. See https://jestjs.io/docs/api#testname-fn-timeout.\"\n\n    \u001b[0m \u001b[90m 18 |\u001b[39m })\u001b[33m;\u001b[39m\n     \u001b[90m 19 |\u001b[39m\n    \u001b[31m\u001b[1m>\u001b[22m\u001b[39m\u001b[90m 20 |\u001b[39m afterEach(\u001b[36masync\u001b[39m () \u001b[33m=>\u001b[39m {\n     \u001b[90m    |\u001b[39m \u001b[31m\u001b[1m^\u001b[22m\u001b[39m\n     \u001b[90m 21 |\u001b[39m     \u001b[36mconst\u001b[39m collections \u001b[33m=\u001b[39m mongoose\u001b[33m.\u001b[39mconnection\u001b[33m.\u001b[39mcollections\u001b[33m;\u001b[39m\n     \u001b[90m 22 |\u001b[39m     \u001b[36mfor\u001b[39m (\u001b[36mconst\u001b[39m key \u001b[36min\u001b[39m collections) {\n     \u001b[90m 23 |\u001b[39m         \u001b[36mconst\u001b[39m collection \u001b[33m=\u001b[39m collections[key]\u001b[33m;\u001b[39m\u001b[0m\n\n      at Object.afterEach (src/__tests__/auth.test.js:20:1)\n\n\n  ● Test suite failed to run\n\n    thrown: \"Exceeded timeout of 5000 ms for a hook.\n    Add a timeout value to this test to increase the timeout, if this is a long-running test. See https://jestjs.io/docs/api#testname-fn-timeout.\"\n\n    \u001b[0m \u001b[90m 12 |\u001b[39m })\u001b[33m;\u001b[39m\n     \u001b[90m 13 |\u001b[39m\n    \u001b[31m\u001b[1m>\u001b[22m\u001b[39m\u001b[90m 14 |\u001b[39m afterAll(\u001b[36masync\u001b[39m () \u001b[33m=>\u001b[39m {\n     \u001b[90m    |\u001b[39m \u001b[31m\u001b[1m^\u001b[22m\u001b[39m\n     \u001b[90m 15 |\u001b[39m     \u001b[36mawait\u001b[39m mongoose\u001b[33m.\u001b[39mconnection\u001b[33m.\u001b[39mdropDatabase()\u001b[33m;\u001b[39m\n     \u001b[90m 16 |\u001b[39m     \u001b[36mawait\u001b[39m mongoose\u001b[33m.\u001b[39mconnection\u001b[33m.\u001b[39mclose()\u001b[33m;\u001b[39m\n     \u001b[90m 17 |\u001b[39m     \u001b[36mawait\u001b[39m mongoServer\u001b[33m.\u001b[39mstop()\u001b[33m;\u001b[39m\u001b[0m\n\n      at Object.afterAll (src/__tests__/auth.test.js:14:1)\n","name":"D:\\Shopee-Microservices\\services\\auth-service\\src\\__tests__\\auth.test.js","startTime":1774687175081,"status":"failed","summary":""}],"wasInterrupted":false}
