{"numFailedTestSuites":1,"numFailedTests":3,"numPassedTestSuites":0,"numPassedTests":4,"numPendingTestSuites":0,"numPendingTests":0,"numRuntimeErrorTestSuites":0,"numTodoTests":0,"numTotalTestSuites":1,"numTotalTests":7,"openHandles":[],"snapshot":{"added":0,"didUpdate":false,"failure":false,"filesAdded":0,"filesRemoved":0,"filesRemovedList":[],"filesUnmatched":0,"filesUpdated":0,"matched":0,"total":0,"unchecked":0,"uncheckedKeysByFile":[],"unmatched":0,"updated":0},"startTime":1774687249414,"success":false,"testResults":[{"assertionResults":[{"ancestorTitles":["Auth Service - Register and Login APIs","POST /api/auth/register"],"duration":135,"failing":false,"failureDetails":[{"matcherResult":{"actual":500,"expected":201,"message":"expect(received).toBe(expected) // Object.is equality\n\nExpected: 201\nReceived: 500","name":"toBe","pass":false}}],"failureMessages":["Error: expect(received).toBe(expected) // Object.is equality\n\nExpected: 201\nReceived: 500\n    at Object.toBe (D:\\Shopee-Microservices\\services\\auth-service\\src\\__tests__\\auth.test.js:42:37)\n    at processTicksAndRejections (node:internal/process/task_queues:105:5)"],"fullName":"Auth Service - Register and Login APIs POST /api/auth/register should register a new user successfully","invocations":1,"location":null,"numPassingAsserts":0,"retryReasons":[],"startAt":1774687250754,"status":"failed","title":"should register a new user successfully"},{"ancestorTitles":["Auth Service - Register and Login APIs","POST /api/auth/register"],"duration":137,"failing":false,"failureDetails":[{"matcherResult":{"actual":500,"expected":400,"message":"expect(received).toBe(expected) // Object.is equality\n\nExpected: 400\nReceived: 500","name":"toBe","pass":false}}],"failureMessages":["Error: expect(received).toBe(expected) // Object.is equality\n\nExpected: 400\nReceived: 500\n    at Object.toBe (D:\\Shopee-Microservices\\services\\auth-service\\src\\__tests__\\auth.test.js:57:37)\n    at processTicksAndRejections (node:internal/process/task_queues:105:5)"],"fullName":"Auth Service - Register and Login APIs POST /api/auth/register should fail if email is already in use","invocations":1,"location":null,"numPassingAsserts":0,"retryReasons":[],"startAt":1774687250895,"status":"failed","title":"should fail if email is already in use"},{"ancestorTitles":["Auth Service - Register and Login APIs","POST /api/auth/register"],"duration":7,"failing":false,"failureDetails":[],"failureMessages":[],"fullName":"Auth Service - Register and Login APIs POST /api/auth/register should fail if required fields are missing","invocations":1,"location":null,"numPassingAsserts":2,"retryReasons":[],"startAt":1774687251033,"status":"passed","title":"should fail if required fields are missing"},{"ancestorTitles":["Auth Service - Register and Login APIs","POST /api/auth/login"],"duration":74,"failing":false,"failureDetails":[{"matcherResult":{"actual":401,"expected":200,"message":"expect(received).toBe(expected) // Object.is equality\n\nExpected: 200\nReceived: 401","name":"toBe","pass":false}}],"failureMessages":["Error: expect(received).toBe(expected) // Object.is equality\n\nExpected: 200\nReceived: 401\n    at Object.toBe (D:\\Shopee-Microservices\\services\\auth-service\\src\\__tests__\\auth.test.js:85:37)\n    at processTicksAndRejections (node:internal/process/task_queues:105:5)"],"fullName":"Auth Service - Register and Login APIs POST /api/auth/login should login an existing user successfully","invocations":1,"location":null,"numPassingAsserts":0,"retryReasons":[],"startAt":1774687251040,"status":"failed","title":"should login an existing user successfully"},{"ancestorTitles":["Auth Service - Register and Login APIs","POST /api/auth/login"],"duration":75,"failing":false,"failureDetails":[],"failureMessages":[],"fullName":"Auth Service - Register and Login APIs POST /api/auth/login should fail with invalid password","invocations":1,"location":null,"numPassingAsserts":2,"retryReasons":[],"startAt":1774687251115,"status":"passed","title":"should fail with invalid password"},{"ancestorTitles":["Auth Service - Register and Login APIs","POST /api/auth/login"],"duration":75,"failing":false,"failureDetails":[],"failureMessages":[],"fullName":"Auth Service - Register and Login APIs POST /api/auth/login should fail if user does not exist","invocations":1,"location":null,"numPassingAsserts":2,"retryReasons":[],"startAt":1774687251190,"status":"passed","title":"should fail if user does not exist"},{"ancestorTitles":["Auth Service - Register and Login APIs","POST /api/auth/login"],"duration":77,"failing":false,"failureDetails":[],"failureMessages":[],"fullName":"Auth Service - Register and Login APIs POST /api/auth/login should fail if required fields are missing","invocations":1,"location":null,"numPassingAsserts":2,"retryReasons":[],"startAt":1774687251266,"status":"passed","title":"should fail if required fields are missing"}],"endTime":1774687251502,"message":"  ● Auth Service - Register and Login APIs › POST /api/auth/register › should register a new user successfully\n\n    expect(received).toBe(expected) // Object.is equality\n\n    Expected: 201\n    Received: 500\n\n    \u001b[0m \u001b[90m 40 |\u001b[39m                 \u001b[33m.\u001b[39msend(mockUser)\u001b[33m;\u001b[39m\n     \u001b[90m 41 |\u001b[39m             \n    \u001b[31m\u001b[1m>\u001b[22m\u001b[39m\u001b[90m 42 |\u001b[39m             expect(response\u001b[33m.\u001b[39mstatus)\u001b[33m.\u001b[39mtoBe(\u001b[35m201\u001b[39m)\u001b[33m;\u001b[39m\n     \u001b[90m    |\u001b[39m                                     \u001b[31m\u001b[1m^\u001b[22m\u001b[39m\n     \u001b[90m 43 |\u001b[39m             expect(response\u001b[33m.\u001b[39mbody)\u001b[33m.\u001b[39mtoHaveProperty(\u001b[32m'message'\u001b[39m\u001b[33m,\u001b[39m \u001b[32m'User registered successfully'\u001b[39m)\u001b[33m;\u001b[39m\n     \u001b[90m 44 |\u001b[39m             expect(response\u001b[33m.\u001b[39mbody)\u001b[33m.\u001b[39mtoHaveProperty(\u001b[32m'token'\u001b[39m)\u001b[33m;\u001b[39m\n     \u001b[90m 45 |\u001b[39m             expect(response\u001b[33m.\u001b[39mbody\u001b[33m.\u001b[39muser)\u001b[33m.\u001b[39mtoHaveProperty(\u001b[32m'email'\u001b[39m\u001b[33m,\u001b[39m mockUser\u001b[33m.\u001b[39memail)\u001b[33m;\u001b[39m\u001b[0m\n\n      at Object.toBe (src/__tests__/auth.test.js:42:37)\n\n  ● Auth Service - Register and Login APIs › POST /api/auth/register › should fail if email is already in use\n\n    expect(received).toBe(expected) // Object.is equality\n\n    Expected: 400\n    Received: 500\n\n    \u001b[0m \u001b[90m 55 |\u001b[39m                 \u001b[33m.\u001b[39msend(mockUser)\u001b[33m;\u001b[39m\n     \u001b[90m 56 |\u001b[39m             \n    \u001b[31m\u001b[1m>\u001b[22m\u001b[39m\u001b[90m 57 |\u001b[39m             expect(response\u001b[33m.\u001b[39mstatus)\u001b[33m.\u001b[39mtoBe(\u001b[35m400\u001b[39m)\u001b[33m;\u001b[39m\n     \u001b[90m    |\u001b[39m                                     \u001b[31m\u001b[1m^\u001b[22m\u001b[39m\n     \u001b[90m 58 |\u001b[39m             expect(response\u001b[33m.\u001b[39mbody)\u001b[33m.\u001b[39mtoHaveProperty(\u001b[32m'message'\u001b[39m\u001b[33m,\u001b[39m \u001b[32m'User already exists'\u001b[39m)\u001b[33m;\u001b[39m\n     \u001b[90m 59 |\u001b[39m         })\u001b[33m;\u001b[39m\n     \u001b[90m 60 |\u001b[39m\u001b[0m\n\n      at Object.toBe (src/__tests__/auth.test.js:57:37)\n\n  ● Auth Service - Register and Login APIs › POST /api/auth/login › should login an existing user successfully\n\n    expect(received).toBe(expected) // Object.is equality\n\n    Expected: 200\n    Received: 401\n\n    \u001b[0m \u001b[90m 83 |\u001b[39m                 })\u001b[33m;\u001b[39m\n     \u001b[90m 84 |\u001b[39m             \n    \u001b[31m\u001b[1m>\u001b[22m\u001b[39m\u001b[90m 85 |\u001b[39m             expect(response\u001b[33m.\u001b[39mstatus)\u001b[33m.\u001b[39mtoBe(\u001b[35m200\u001b[39m)\u001b[33m;\u001b[39m\n     \u001b[90m    |\u001b[39m                                     \u001b[31m\u001b[1m^\u001b[22m\u001b[39m\n     \u001b[90m 86 |\u001b[39m             expect(response\u001b[33m.\u001b[39mbody)\u001b[33m.\u001b[39mtoHaveProperty(\u001b[32m'message'\u001b[39m\u001b[33m,\u001b[39m \u001b[32m'Login successful'\u001b[39m)\u001b[33m;\u001b[39m\n     \u001b[90m 87 |\u001b[39m             expect(response\u001b[33m.\u001b[39mbody)\u001b[33m.\u001b[39mtoHaveProperty(\u001b[32m'token'\u001b[39m)\u001b[33m;\u001b[39m\n     \u001b[90m 88 |\u001b[39m             expect(response\u001b[33m.\u001b[39mbody\u001b[33m.\u001b[39muser)\u001b[33m.\u001b[39mtoHaveProperty(\u001b[32m'email'\u001b[39m\u001b[33m,\u001b[39m mockUser\u001b[33m.\u001b[39memail)\u001b[33m;\u001b[39m\u001b[0m\n\n      at Object.toBe (src/__tests__/auth.test.js:85:37)\n","name":"D:\\Shopee-Microservices\\services\\auth-service\\src\\__tests__\\auth.test.js","startTime":1774687249461,"status":"failed","summary":""}],"wasInterrupted":false}
